<?xml version="1.0" encoding="UTF-8"?>
<testsuite xmlns:xsi="http://www.w3.org/2001/XMLSchema-instance" xsi:noNamespaceSchemaLocation="https://maven.apache.org/surefire/maven-surefire-plugin/xsd/surefire-test-report-3.0.xsd" version="3.0" name="edu.kis.vh.nursery.RhymersJUnitTest" time="0.057" tests="5" errors="0" skipped="0" failures="0">
  <properties>
[...]
</properties>
  <testcase name="testCallCheck" classname="edu.kis.vh.nursery.RhymersJUnitTest" time="0.003"/>
  <testcase name="testCountOut" classname="edu.kis.vh.nursery.RhymersJUnitTest" time="0.0"/>
  <testcase name="testCountIn" classname="edu.kis.vh.nursery.RhymersJUnitTest" time="0.0"/>
  <testcase name="testPeekaboo" classname="edu.kis.vh.nursery.RhymersJUnitTest" time="0.0"/>
  <testcase name="testIsFull" classname="edu.kis.vh.nursery.RhymersJUnitTest" time="0.0"/>
</testsuite>